0 silly input [ 'validate' ]
1 silly flags { _: [ 'run' ],
1 silly flags   'reject-cycles': false,
1 silly flags   rejectCycles: false,
1 silly flags   script: 'validate',
1 silly flags   args: [] }
2 verbose rootPath /Users/benjaminsmawfield/Documents/lerna
3 info version 2.11.0
4 silly existsSync /Users/benjaminsmawfield/Documents/lerna/VERSION
5 info versioning independent
6 silly initialize attempt
7 silly initialize success
8 silly execute attempt
9 silly runScriptInDir validate [] shared
10 silly getExecOpts { cwd: '/Users/benjaminsmawfield/Documents/lerna/packages/shared' }
11 silly runScriptInDir validate [] mobile
12 silly getExecOpts { cwd: '/Users/benjaminsmawfield/Documents/lerna/packages/mobile' }
13 silly runScriptInDir validate [] web
14 silly getExecOpts { cwd: '/Users/benjaminsmawfield/Documents/lerna/packages/web' }
15 error validate Errored while running script in 'bars-web'
16 error execute callback with error
17 error Error: Command failed: yarn run validate
17 error PASS src/components/Bar/BarComponent.spec.js
17 error PASS src/reducers.spec.js
17 error PASS src/components/App/AppComponent.spec.js
17 error FAIL src/components/Bars/BarsComponent.spec.js
17 error   ● BarsComponent › Should render bars
17 error
17 error     expect(value).toMatchSnapshot()
17 error
17 error     Received value does not match stored snapshot "BarsComponent Should render bars 1".
17 error
17 error     - Snapshot
17 error     + Received
17 error
17 error     @@ -16,10 +16,11 @@
17 error           limit={50}
17 error           value={3}
17 error         />
17 error         <div>
17 error           <select
17 error     +       className="barsSelect"
17 error             onChange={[Function]}
17 error             value={0}
17 error           >
17 error             <option
17 error               key="0"
17 error     @@ -43,22 +44,25 @@
17 error               3
17 error             </option>
17 error           </select>
17 error           <div>
17 error             <button
17 error     +         className="barsButton"
17 error               key="0"
17 error               onClick={[Function]}
17 error             >
17 error               10
17 error             </button>
17 error             <button
17 error     +         className="barsButton"
17 error               key="1"
17 error               onClick={[Function]}
17 error             >
17 error               20
17 error             </button>
17 error             <button
17 error     +         className="barsButton"
17 error               key="2"
17 error               onClick={[Function]}
17 error             >
17 error               -30
17 error             </button>
17 error
17 error       18 |     );
17 error       19 |
17 error     > 20 |     expect(barsComponent).toMatchSnapshot();
17 error          |                           ^
17 error       21 |   })
17 error       22 | );
17 error       23 |
17 error
17 error       at Object.<anonymous> (src/components/Bars/BarsComponent.spec.js:20:27)
17 error
17 error  › 1 snapshot failed.
17 error Snapshot Summary
17 error  › 1 snapshot failed from 1 test suite. Inspect your code changes or run `yarn run test:unit -u` to update them.
17 error
17 error Test Suites: 1 failed, 3 passed, 4 total
17 error Tests:       1 failed, 4 passed, 5 total
17 error Snapshots:   1 failed, 3 passed, 4 total
17 error Time:        6.519s
17 error Ran all test suites.
17 error npm ERR! code ELIFECYCLE
17 error npm ERR! errno 1
17 error npm ERR! bars-web@0.0.1 test:unit: `jest --config ./jest.config.js --coverage`
17 error npm ERR! Exit status 1
17 error npm ERR!
17 error npm ERR! Failed at the bars-web@0.0.1 test:unit script.
17 error npm ERR! This is probably not a problem with npm. There is likely additional logging output above.
17 error
17 error npm ERR! A complete log of this run can be found in:
17 error npm ERR!     /Users/benjaminsmawfield/.npm/_logs/2018-05-27T13_13_58_706Z-debug.log
17 error error Command failed with exit code 1.
17 error ERROR: "test" exited with 1.
17 error error Command failed with exit code 1.
17 error $ npm-run-all lint test
17 error $ npm-run-all lint:css lint:js
17 error $ stylelint './src/**/*.js'
17 error $ eslint --ext .js src/
17 error
17 error /Users/benjaminsmawfield/Documents/lerna/packages/web/src/index.js
17 error   34:9  warning  Unexpected console statement  no-console
17 error   37:9  warning  Unexpected console statement  no-console
17 error
17 error ✖ 2 problems (0 errors, 2 warnings)
17 error
17 error $ npm run test:unit && npm run test:feature
17 error
17 error > bars-web@0.0.1 test:unit /Users/benjaminsmawfield/Documents/lerna/packages/web
17 error > jest --config ./jest.config.js --coverage
17 error
17 error ---------------------|----------|----------|----------|----------|-------------------|
17 error File                 |  % Stmts | % Branch |  % Funcs |  % Lines | Uncovered Line #s |
17 error ---------------------|----------|----------|----------|----------|-------------------|
17 error All files            |      100 |      100 |      100 |      100 |                   |
17 error  src                 |      100 |      100 |      100 |      100 |                   |
17 error   reducers.js        |      100 |      100 |      100 |      100 |                   |
17 error  src/components/App  |      100 |      100 |      100 |      100 |                   |
17 error   AppComponent.js    |      100 |      100 |      100 |      100 |                   |
17 error  src/components/Bar  |      100 |      100 |      100 |      100 |                   |
17 error   BarComponent.js    |      100 |      100 |      100 |      100 |                   |
17 error  src/components/Bars |      100 |      100 |      100 |      100 |                   |
17 error   BarsComponent.js   |      100 |      100 |      100 |      100 |                   |
17 error ---------------------|----------|----------|----------|----------|-------------------|
17 error info Visit https://yarnpkg.com/en/docs/cli/run for documentation about this command.
17 error info Visit https://yarnpkg.com/en/docs/cli/run for documentation about this command.
17 error
17 error     at Promise.all.then.arr (/Users/benjaminsmawfield/Documents/lerna/node_modules/lerna/node_modules/execa/index.js:236:11)
17 error     at <anonymous>
